2024-11-06 15:11:02.060 | INFO     | __main__:main:72 - 正在初始化机器人...
2024-11-06 15:11:02.062 | INFO     | src.robot.flexiv:__init__:22 - 正在连接Flexiv机器人 192.168.2.110...
2024-11-06 15:11:02.665 | INFO     | src.robot.flexiv:__init__:26 - 正在使能机器人...
2024-11-06 15:11:02.691 | INFO     | src.robot.flexiv:__init__:28 - 机器人初始化完成
2024-11-06 15:11:02.691 | INFO     | __main__:main:79 - 正在初始化相机...
2024-11-06 15:11:03.249 | INFO     | __main__:main:86 - 正在初始化标记检测器...
2024-11-06 15:11:03.252 | INFO     | __main__:main:93 - 正在初始化手眼标定器...
2024-11-06 15:11:03.263 | INFO     | src.calibration.hand_eye_calibrator:__init__:65 - 手眼标定器初始化完成，使用eye_in_hand方法
2024-11-06 15:11:03.263 | INFO     | __main__:main:99 - 系统初始化完成
2024-11-06 15:11:03.263 | INFO     | __main__:main:100 - 按 's' 键保存当前姿态，按 'ESC' 键结束采集
2024-11-06 15:11:07.378 | INFO     | __main__:collect_calibration_data:56 - 保存第 1 组数据
2024-11-06 15:11:10.401 | INFO     | __main__:collect_calibration_data:56 - 保存第 2 组数据
2024-11-06 15:11:11.309 | INFO     | __main__:collect_calibration_data:56 - 保存第 3 组数据
2024-11-06 15:11:11.785 | INFO     | __main__:collect_calibration_data:56 - 保存第 4 组数据
2024-11-06 15:11:11.981 | INFO     | __main__:collect_calibration_data:56 - 保存第 5 组数据
2024-11-06 15:11:12.175 | INFO     | __main__:collect_calibration_data:56 - 保存第 6 组数据
2024-11-06 15:11:12.288 | INFO     | __main__:collect_calibration_data:56 - 保存第 7 组数据
2024-11-06 15:11:12.454 | INFO     | __main__:collect_calibration_data:56 - 保存第 8 组数据
2024-11-06 15:11:12.611 | INFO     | __main__:collect_calibration_data:56 - 保存第 9 组数据
2024-11-06 15:11:12.760 | INFO     | __main__:collect_calibration_data:56 - 保存第 10 组数据
2024-11-06 15:11:12.925 | INFO     | __main__:collect_calibration_data:56 - 保存第 11 组数据
2024-11-06 15:11:13.125 | INFO     | __main__:collect_calibration_data:56 - 保存第 12 组数据
2024-11-06 15:11:13.324 | INFO     | __main__:collect_calibration_data:56 - 保存第 13 组数据
2024-11-06 15:11:13.494 | INFO     | __main__:collect_calibration_data:56 - 保存第 14 组数据
2024-11-06 15:11:13.680 | INFO     | __main__:collect_calibration_data:56 - 保存第 15 组数据
2024-11-06 15:11:13.834 | INFO     | __main__:collect_calibration_data:56 - 保存第 16 组数据
2024-11-06 15:11:14.048 | INFO     | __main__:collect_calibration_data:56 - 保存第 17 组数据
2024-11-06 15:11:14.217 | INFO     | __main__:collect_calibration_data:56 - 保存第 18 组数据
2024-11-06 15:11:14.366 | INFO     | __main__:collect_calibration_data:56 - 保存第 19 组数据
2024-11-06 15:11:14.534 | INFO     | __main__:collect_calibration_data:56 - 保存第 20 组数据
2024-11-06 15:11:14.702 | INFO     | __main__:collect_calibration_data:56 - 保存第 21 组数据
2024-11-06 15:11:14.905 | INFO     | __main__:collect_calibration_data:56 - 保存第 22 组数据
2024-11-06 15:11:16.450 | INFO     | src.calibration.hand_eye_calibrator:calibrate:79 - 开始eye_in_hand标定，使用22组样本
2024-11-06 15:11:16.458 | INFO     | src.calibration.hand_eye_calibrator:_perform_calibration:158 - 标定完成
2024-11-06 15:11:16.459 | INFO     | src.calibration.hand_eye_calibrator:save_result:181 - 标定结果已保存至 calibrations/eye_in_hand_result.json
2024-11-06 15:11:16.459 | INFO     | __main__:main:117 - 
标定结果:
2024-11-06 15:11:16.460 | INFO     | __main__:main:118 - 旋转矩阵 R:
[[1. 0. 0.]
 [0. 1. 0.]
 [0. 0. 1.]]
2024-11-06 15:11:16.461 | INFO     | __main__:main:119 - 平移向量 T:
[0. 0. 0.]
2024-11-06 15:11:16.464 | INFO     | __main__:main:130 - 程序已终止
2024-11-06 15:11:16.464 | INFO     | src.robot.flexiv:__del__:55 - 正在关闭机器人连接...
2024-11-06 15:11:16.464 | ERROR    | src.robot.flexiv:__del__:58 - 关闭机器人失败: 'flexivrdk.Robot' object has no attribute 'disable'
