2024-11-06 16:18:41.305 | INFO     | __main__:main:73 - 正在初始化机器人...
2024-11-06 16:18:41.308 | INFO     | src.robot.flexiv:__init__:22 - 正在连接Flexiv机器人 192.168.2.110...
2024-11-06 16:18:41.911 | INFO     | src.robot.flexiv:__init__:26 - 正在使能机器人...
2024-11-06 16:18:41.937 | INFO     | src.robot.flexiv:__init__:28 - 机器人初始化完成
2024-11-06 16:18:41.937 | INFO     | __main__:main:80 - 正在初始化相机...
2024-11-06 16:18:42.526 | INFO     | __main__:main:87 - 正在初始化标记检测器...
2024-11-06 16:18:42.529 | INFO     | __main__:main:94 - 正在初始化手眼标定器...
2024-11-06 16:18:42.537 | ERROR    | __main__:main:125 - 程序运行出错: Error in call to target 'src.calibration.hand_eye_calibrator.HandEyeCalibrator':
TypeError("__init__() got an unexpected keyword argument 'calib_method'")
full_key: calibration
2024-11-06 16:18:42.538 | ERROR    | __main__:main:127 - Traceback (most recent call last):
  File "/home/yutong/anaconda3/envs/robocal/lib/python3.8/site-packages/hydra/_internal/instantiate/_instantiate2.py", line 92, in _call_target
    return _target_(*args, **kwargs)
TypeError: __init__() got an unexpected keyword argument 'calib_method'

The above exception was the direct cause of the following exception:

Traceback (most recent call last):
  File "/home/yutong/OptiCalibrate/main.py", line 95, in main
    calibrator = instantiate(cfg.calibration)
  File "/home/yutong/anaconda3/envs/robocal/lib/python3.8/site-packages/hydra/_internal/instantiate/_instantiate2.py", line 226, in instantiate
    return instantiate_node(
  File "/home/yutong/anaconda3/envs/robocal/lib/python3.8/site-packages/hydra/_internal/instantiate/_instantiate2.py", line 347, in instantiate_node
    return _call_target(_target_, partial, args, kwargs, full_key)
  File "/home/yutong/anaconda3/envs/robocal/lib/python3.8/site-packages/hydra/_internal/instantiate/_instantiate2.py", line 97, in _call_target
    raise InstantiationException(msg) from e
hydra.errors.InstantiationException: Error in call to target 'src.calibration.hand_eye_calibrator.HandEyeCalibrator':
TypeError("__init__() got an unexpected keyword argument 'calib_method'")
full_key: calibration

2024-11-06 16:18:42.548 | INFO     | __main__:main:131 - 程序已终止
2024-11-06 16:18:42.549 | INFO     | src.robot.flexiv:__del__:55 - 正在关闭机器人连接...
