2024-11-06 16:37:39.495 | INFO     | __main__:main:15 - 正在初始化机器人...
2024-11-06 16:37:39.498 | INFO     | src.robot.flexiv:__init__:22 - 正在连接Flexiv机器人 192.168.2.110...
2024-11-06 16:37:40.100 | INFO     | src.robot.flexiv:__init__:26 - 正在使能机器人...
2024-11-06 16:37:40.126 | INFO     | src.robot.flexiv:__init__:28 - 机器人初始化完成
2024-11-06 16:37:40.126 | INFO     | __main__:main:22 - 正在初始化相机...
2024-11-06 16:37:40.826 | INFO     | __main__:main:29 - 正在初始化标记检测器...
2024-11-06 16:37:40.833 | INFO     | __main__:main:36 - 正在初始化手眼标定器...
2024-11-06 16:37:40.839 | INFO     | src.calibration.hand_eye_calibrator:__init__:36 - 手眼标定器初始化完成，使用eye_in_hand方法
2024-11-06 16:37:40.842 | INFO     | src.calibration.data_collector:__init__:22 - 数据采集器初始化完成
2024-11-06 16:37:40.843 | INFO     | __main__:main:50 - 系统初始化完成
2024-11-06 16:37:40.843 | INFO     | src.calibration.data_collector:collect_data:32 - 开始采集数据
2024-11-06 16:37:40.843 | INFO     | src.calibration.data_collector:collect_data:33 - 按 's' 键保存当前姿态，按 'ESC' 键结束采集
2024-11-06 16:37:48.552 | INFO     | src.calibration.data_collector:collect_data:79 - 保存第 1 组数据
2024-11-06 16:37:49.154 | INFO     | src.calibration.data_collector:collect_data:79 - 保存第 2 组数据
2024-11-06 16:37:49.560 | INFO     | src.calibration.data_collector:collect_data:79 - 保存第 3 组数据
2024-11-06 16:37:49.900 | INFO     | src.calibration.data_collector:collect_data:79 - 保存第 4 组数据
2024-11-06 16:37:50.232 | INFO     | src.calibration.data_collector:collect_data:79 - 保存第 5 组数据
2024-11-06 16:37:50.536 | INFO     | src.calibration.data_collector:collect_data:79 - 保存第 6 组数据
2024-11-06 16:37:50.850 | INFO     | src.calibration.data_collector:collect_data:79 - 保存第 7 组数据
2024-11-06 16:37:51.172 | INFO     | src.calibration.data_collector:collect_data:79 - 保存第 8 组数据
2024-11-06 16:37:51.508 | INFO     | src.calibration.data_collector:collect_data:79 - 保存第 9 组数据
2024-11-06 16:37:51.843 | INFO     | src.calibration.data_collector:collect_data:79 - 保存第 10 组数据
2024-11-06 16:37:52.487 | INFO     | src.calibration.data_collector:collect_data:79 - 保存第 11 组数据
2024-11-06 16:37:52.787 | INFO     | src.calibration.data_collector:collect_data:79 - 保存第 12 组数据
2024-11-06 16:37:53.223 | INFO     | src.calibration.data_collector:collect_data:79 - 保存第 13 组数据
2024-11-06 16:37:53.456 | INFO     | src.calibration.data_collector:collect_data:79 - 保存第 14 组数据
2024-11-06 16:37:53.792 | INFO     | src.calibration.data_collector:collect_data:79 - 保存第 15 组数据
2024-11-06 16:37:54.060 | INFO     | src.calibration.data_collector:collect_data:79 - 保存第 16 组数据
2024-11-06 16:37:54.302 | INFO     | src.calibration.data_collector:collect_data:79 - 保存第 17 组数据
2024-11-06 16:37:54.597 | INFO     | src.calibration.data_collector:collect_data:79 - 保存第 18 组数据
2024-11-06 16:37:54.846 | INFO     | src.calibration.data_collector:collect_data:79 - 保存第 19 组数据
2024-11-06 16:37:55.135 | INFO     | src.calibration.data_collector:collect_data:79 - 保存第 20 组数据
2024-11-06 16:37:56.248 | INFO     | src.calibration.data_collector:collect_data:86 - 数据采集完成，共采集 20 组数据
2024-11-06 16:37:56.250 | INFO     | src.calibration.hand_eye_calibrator:calibrate:50 - 开始eye_in_hand标定，使用20组样本
2024-11-06 16:37:56.252 | INFO     | src.calibration.hand_eye_calibrator:_perform_calibration:129 - 标定完成
2024-11-06 16:37:56.252 | INFO     | src.calibration.hand_eye_calibrator:save_result:152 - 标定结果已保存至 calibrations/eye_in_hand_result.json
2024-11-06 16:37:56.252 | INFO     | __main__:main:67 - 
标定结果:
2024-11-06 16:37:56.253 | INFO     | __main__:main:68 - 旋转矩阵 R:
[[1. 0. 0.]
 [0. 1. 0.]
 [0. 0. 1.]]
2024-11-06 16:37:56.253 | INFO     | __main__:main:69 - 平移向量 T:
[0. 0. 0.]
2024-11-06 16:37:56.271 | INFO     | __main__:main:78 - 程序已终止
