2024-11-06 16:18:03.379 | INFO     | __main__:main:18 - 正在初始化机器人...
2024-11-06 16:18:03.382 | INFO     | src.robot.flexiv:__init__:22 - 正在连接Flexiv机器人 192.168.2.110...
2024-11-06 16:18:03.985 | INFO     | src.robot.flexiv:__init__:26 - 正在使能机器人...
2024-11-06 16:18:04.011 | INFO     | src.robot.flexiv:__init__:28 - 机器人初始化完成
2024-11-06 16:18:04.012 | INFO     | __main__:main:25 - 正在初始化相机...
2024-11-06 16:18:04.692 | INFO     | __main__:main:32 - 正在初始化标记检测器...
2024-11-06 16:18:04.697 | INFO     | __main__:main:46 - 系统初始化完成，开始检测...
2024-11-06 16:18:04.697 | INFO     | __main__:main:52 - 机器人当前位姿: [0.543618381023407, -0.508186936378479, 0.513197124004364, 0.32666170597076416, 0.08507782965898514, 0.9001109600067139, 0.2754163146018982]
2024-11-06 16:18:05.455 | INFO     | __main__:main:52 - 机器人当前位姿: [0.5436186790466309, -0.5081866383552551, 0.5131984949111938, 0.32666245102882385, 0.08507680892944336, 0.9001109600067139, 0.2754158079624176]
2024-11-06 16:18:05.519 | INFO     | __main__:main:52 - 机器人当前位姿: [0.5436193943023682, -0.5081857442855835, 0.5131983160972595, 0.3266617953777313, 0.08507633209228516, 0.900111198425293, 0.27541589736938477]
2024-11-06 16:18:05.608 | INFO     | __main__:main:52 - 机器人当前位姿: [0.5436190366744995, -0.5081856846809387, 0.5131996870040894, 0.3266616761684418, 0.08507547527551651, 0.9001117944717407, 0.2754144072532654]
2024-11-06 16:18:05.663 | INFO     | __main__:main:52 - 机器人当前位姿: [0.5436198115348816, -0.5081861019134521, 0.5132003426551819, 0.32666251063346863, 0.08507558703422546, 0.9001115560531616, 0.2754140794277191]
2024-11-06 16:18:05.737 | INFO     | __main__:main:52 - 机器人当前位姿: [0.5436192750930786, -0.5081856846809387, 0.5131975412368774, 0.32666072249412537, 0.0850767195224762, 0.9001114368438721, 0.2754162847995758]
2024-11-06 16:18:05.805 | INFO     | __main__:main:52 - 机器人当前位姿: [0.5436204671859741, -0.5081849694252014, 0.513197660446167, 0.32666102051734924, 0.08507674932479858, 0.9001110196113586, 0.2754173278808594]
2024-11-06 16:18:05.845 | INFO     | __main__:main:52 - 机器人当前位姿: [0.5436197519302368, -0.5081855654716492, 0.5131980180740356, 0.32666105031967163, 0.08507773280143738, 0.9001110792160034, 0.27541664242744446]
2024-11-06 16:18:05.890 | INFO     | __main__:main:52 - 机器人当前位姿: [0.54361891746521, -0.5081858038902283, 0.5131976008415222, 0.32666096091270447, 0.08507786691188812, 0.9001110792160034, 0.2754167914390564]
2024-11-06 16:18:05.916 | INFO     | __main__:main:52 - 机器人当前位姿: [0.5436188578605652, -0.5081860423088074, 0.5131980180740356, 0.3266614079475403, 0.08507821708917618, 0.9001109600067139, 0.2754165828227997]
2024-11-06 16:18:05.951 | INFO     | __main__:main:52 - 机器人当前位姿: [0.5436192154884338, -0.5081861615180969, 0.5131974220275879, 0.32666125893592834, 0.08507798612117767, 0.9001109600067139, 0.2754168212413788]
2024-11-06 16:18:05.982 | INFO     | __main__:main:52 - 机器人当前位姿: [0.5436187386512756, -0.5081859827041626, 0.5131983160972595, 0.32666146755218506, 0.08507738262414932, 0.9001110792160034, 0.2754163444042206]
2024-11-06 16:18:06.012 | INFO     | __main__:main:52 - 机器人当前位姿: [0.5436184406280518, -0.5081869959831238, 0.5131979584693909, 0.32666176557540894, 0.0850784108042717, 0.9001110196113586, 0.27541589736938477]
2024-11-06 16:18:06.053 | INFO     | __main__:main:52 - 机器人当前位姿: [0.5436185002326965, -0.508186936378479, 0.5131984353065491, 0.3266619145870209, 0.08507779240608215, 0.9001111388206482, 0.27541548013687134]
2024-11-06 16:18:06.094 | INFO     | __main__:main:52 - 机器人当前位姿: [0.543618381023407, -0.5081873536109924, 0.513198971748352, 0.32666218280792236, 0.08507779985666275, 0.9001112580299377, 0.2754148840904236]
2024-11-06 16:18:06.128 | INFO     | __main__:main:52 - 机器人当前位姿: [0.543618381023407, -0.5081877708435059, 0.5131993889808655, 0.3266625702381134, 0.08507796376943588, 0.900111198425293, 0.27541446685791016]
2024-11-06 16:18:06.163 | INFO     | __main__:main:52 - 机器人当前位姿: [0.5436190366744995, -0.508186936378479, 0.513198733329773, 0.3266618847846985, 0.08507739752531052, 0.9001113772392273, 0.2754148840904236]
2024-11-06 16:18:06.200 | INFO     | __main__:main:52 - 机器人当前位姿: [0.5436192154884338, -0.5081868171691895, 0.51319819688797, 0.3266622722148895, 0.0850774422287941, 0.9001109600067139, 0.2754158079624176]
2024-11-06 16:18:06.231 | INFO     | __main__:main:52 - 机器人当前位姿: [0.54361891746521, -0.5081864595413208, 0.5131973028182983, 0.32666125893592834, 0.08507710695266724, 0.9001113176345825, 0.27541598677635193]
2024-11-06 16:18:06.264 | INFO     | __main__:main:52 - 机器人当前位姿: [0.5436190962791443, -0.5081857442855835, 0.5131980776786804, 0.3266613781452179, 0.08507668972015381, 0.9001111388206482, 0.2754164934158325]
2024-11-06 16:18:06.294 | INFO     | __main__:main:52 - 机器人当前位姿: [0.5436186194419861, -0.5081865191459656, 0.5131966471672058, 0.3266602158546448, 0.0850781798362732, 0.9001114368438721, 0.2754165232181549]
2024-11-06 16:18:06.328 | INFO     | __main__:main:52 - 机器人当前位姿: [0.5436189770698547, -0.5081864595413208, 0.513197124004364, 0.3266606330871582, 0.08507834374904633, 0.9001113176345825, 0.2754163146018982]
2024-11-06 16:18:06.362 | INFO     | __main__:main:52 - 机器人当前位姿: [0.5436187982559204, -0.5081870555877686, 0.5131972432136536, 0.3266611397266388, 0.08507798612117767, 0.9001113176345825, 0.2754157483577728]
2024-11-06 16:18:06.552 | INFO     | __main__:main:52 - 机器人当前位姿: [0.5436185598373413, -0.508187472820282, 0.5131971836090088, 0.32666176557540894, 0.08507761359214783, 0.9001111388206482, 0.27541571855545044]
2024-11-06 16:18:06.614 | INFO     | __main__:main:52 - 机器人当前位姿: [0.5436180233955383, -0.5081872940063477, 0.5131972432136536, 0.3266616761684418, 0.0850776806473732, 0.9001109600067139, 0.27541643381118774]
2024-11-06 16:18:06.644 | INFO     | __main__:main:52 - 机器人当前位姿: [0.5436182022094727, -0.5081878900527954, 0.5131980180740356, 0.3266626298427582, 0.08507858216762543, 0.90011066198349, 0.27541598677635193]
2024-11-06 16:18:06.679 | INFO     | __main__:main:52 - 机器人当前位姿: [0.5436186194419861, -0.5081871151924133, 0.5131971836090088, 0.3266613781452179, 0.085078164935112, 0.9001109600067139, 0.27541661262512207]
2024-11-06 16:18:06.715 | INFO     | __main__:main:52 - 机器人当前位姿: [0.5436190366744995, -0.5081871747970581, 0.5131967663764954, 0.3266611099243164, 0.08507807552814484, 0.9001112580299377, 0.27541595697402954]
2024-11-06 16:18:06.748 | INFO     | __main__:main:52 - 机器人当前位姿: [0.5436185598373413, -0.5081869959831238, 0.5131968259811401, 0.32666102051734924, 0.08507833629846573, 0.9001111388206482, 0.27541637420654297]
2024-11-06 16:18:06.780 | INFO     | __main__:main:52 - 机器人当前位姿: [0.5436188578605652, -0.5081870555877686, 0.5131973028182983, 0.3266613185405731, 0.08507772535085678, 0.9001113176345825, 0.2754156291484833]
2024-11-06 16:18:06.829 | INFO     | __main__:main:52 - 机器人当前位姿: [0.5436193346977234, -0.5081863403320312, 0.5131975412368774, 0.32666173577308655, 0.085077203810215, 0.9001110196113586, 0.2754163444042206]
2024-11-06 16:18:06.861 | INFO     | __main__:main:52 - 机器人当前位姿: [0.5436192154884338, -0.5081862807273865, 0.5131984949111938, 0.32666245102882385, 0.08507677167654037, 0.9001109600067139, 0.27541583776474]
2024-11-06 16:18:06.903 | INFO     | __main__:main:52 - 机器人当前位姿: [0.5436183214187622, -0.5081878304481506, 0.513197660446167, 0.32666197419166565, 0.08507822453975677, 0.900111198425293, 0.2754151225090027]
2024-11-06 16:18:06.943 | INFO     | __main__:main:52 - 机器人当前位姿: [0.5436177849769592, -0.508188784122467, 0.5131981372833252, 0.32666245102882385, 0.08507819473743439, 0.9001114368438721, 0.27541384100914]
2024-11-06 16:18:06.983 | INFO     | __main__:main:52 - 机器人当前位姿: [0.5436191558837891, -0.5081866979598999, 0.5131991505622864, 0.32666313648223877, 0.0850762277841568, 0.9001108407974243, 0.27541545033454895]
2024-11-06 16:18:07.012 | INFO     | __main__:main:52 - 机器人当前位姿: [0.5436185598373413, -0.5081874132156372, 0.5131986737251282, 0.3266630470752716, 0.08507734537124634, 0.9001107215881348, 0.2754155695438385]
2024-11-06 16:18:07.037 | INFO     | __main__:main:52 - 机器人当前位姿: [0.5436182618141174, -0.5081878304481506, 0.513199508190155, 0.3266637921333313, 0.08507735282182693, 0.90011066198349, 0.27541491389274597]
2024-11-06 16:18:07.066 | INFO     | __main__:main:52 - 机器人当前位姿: [0.5436188578605652, -0.5081868171691895, 0.5131997466087341, 0.3266633152961731, 0.08507634699344635, 0.9001109004020691, 0.2754150927066803]
2024-11-06 16:18:07.095 | INFO     | __main__:main:52 - 机器人当前位姿: [0.5436192750930786, -0.5081855058670044, 0.5131995677947998, 0.32666268944740295, 0.08507543802261353, 0.9001108407974243, 0.2754162847995758]
2024-11-06 16:18:07.116 | INFO     | __main__:main:52 - 机器人当前位姿: [0.5436191558837891, -0.5081853270530701, 0.5131996273994446, 0.3266625702381134, 0.08507539331912994, 0.9001107811927795, 0.2754165828227997]
2024-11-06 16:18:07.161 | INFO     | __main__:main:52 - 机器人当前位姿: [0.543620228767395, -0.5081850290298462, 0.5131999254226685, 0.326663076877594, 0.08507411181926727, 0.9001108407974243, 0.2754163146018982]
2024-11-06 16:18:07.193 | INFO     | __main__:main:52 - 机器人当前位姿: [0.5436198711395264, -0.508185625076294, 0.5131999850273132, 0.32666248083114624, 0.0850750207901001, 0.9001111388206482, 0.2754155993461609]
2024-11-06 16:18:07.221 | INFO     | __main__:main:52 - 机器人当前位姿: [0.5436204075813293, -0.5081852078437805, 0.5131999254226685, 0.32666337490081787, 0.08507489413022995, 0.90011066198349, 0.27541613578796387]
2024-11-06 16:18:07.254 | INFO     | __main__:main:52 - 机器人当前位姿: [0.5436194539070129, -0.5081861615180969, 0.5131993293762207, 0.3266630172729492, 0.0850767120718956, 0.90011066198349, 0.27541613578796387]
2024-11-06 16:18:07.299 | INFO     | __main__:main:52 - 机器人当前位姿: [0.5436196327209473, -0.5081853866577148, 0.5131991505622864, 0.32666268944740295, 0.08507592231035233, 0.90011066198349, 0.2754167318344116]
2024-11-06 16:18:07.334 | INFO     | __main__:main:52 - 机器人当前位姿: [0.5436184406280518, -0.5081869959831238, 0.5131995677947998, 0.3266632854938507, 0.08507682383060455, 0.9001107811927795, 0.27541545033454895]
2024-11-06 16:18:07.365 | INFO     | __main__:main:52 - 机器人当前位姿: [0.5436192154884338, -0.508185863494873, 0.5131999850273132, 0.32666340470314026, 0.08507590740919113, 0.9001106023788452, 0.27541598677635193]
2024-11-06 16:18:07.398 | INFO     | __main__:main:52 - 机器人当前位姿: [0.5436182618141174, -0.5081866383552551, 0.513198733329773, 0.32666251063346863, 0.08507733792066574, 0.9001107215881348, 0.2754163146018982]
2024-11-06 16:18:07.432 | INFO     | __main__:main:52 - 机器人当前位姿: [0.5436192750930786, -0.5081859827041626, 0.5131987929344177, 0.3266628086566925, 0.08507612347602844, 0.9001107215881348, 0.2754163146018982]
2024-11-06 16:18:07.465 | INFO     | __main__:main:52 - 机器人当前位姿: [0.5436197519302368, -0.5081853866577148, 0.5131990909576416, 0.32666251063346863, 0.08507607132196426, 0.9001107215881348, 0.2754167914390564]
2024-11-06 16:18:07.533 | INFO     | __main__:main:52 - 机器人当前位姿: [0.5436187982559204, -0.5081870555877686, 0.5131996870040894, 0.326663613319397, 0.08507711440324783, 0.90011066198349, 0.2754152715206146]
2024-11-06 16:18:07.579 | INFO     | __main__:main:52 - 机器人当前位姿: [0.5436193943023682, -0.5081865191459656, 0.5131985545158386, 0.326663076877594, 0.08507683873176575, 0.9001106023788452, 0.27541622519493103]
2024-11-06 16:18:07.615 | INFO     | __main__:main:52 - 机器人当前位姿: [0.5436198115348816, -0.5081855654716492, 0.5131986141204834, 0.326662540435791, 0.0850759893655777, 0.9001107215881348, 0.27541667222976685]
2024-11-06 16:18:07.654 | INFO     | __main__:main:52 - 机器人当前位姿: [0.5436201095581055, -0.5081855058670044, 0.513199508190155, 0.3266632556915283, 0.08507571369409561, 0.9001104831695557, 0.27541661262512207]
2024-11-06 16:18:07.695 | INFO     | __main__:main:52 - 机器人当前位姿: [0.5436190962791443, -0.5081867575645447, 0.5131980776786804, 0.3266626000404358, 0.0850779116153717, 0.9001104235649109, 0.27541694045066833]
2024-11-06 16:18:07.737 | INFO     | __main__:main:52 - 机器人当前位姿: [0.5436182618141174, -0.5081880688667297, 0.513197124004364, 0.3266623020172119, 0.0850786343216896, 0.9001108407974243, 0.27541568875312805]
2024-11-06 16:18:07.772 | INFO     | __main__:main:52 - 机器人当前位姿: [0.5436185598373413, -0.5081881284713745, 0.5131963491439819, 0.32666194438934326, 0.0850791335105896, 0.9001109600067139, 0.2754155993461609]
2024-11-06 16:18:07.806 | INFO     | __main__:main:52 - 机器人当前位姿: [0.5436191558837891, -0.5081871747970581, 0.5131966471672058, 0.32666194438934326, 0.08507786691188812, 0.9001109004020691, 0.27541622519493103]
2024-11-06 16:18:07.851 | INFO     | __main__:main:52 - 机器人当前位姿: [0.5436190962791443, -0.5081872344017029, 0.5131979584693909, 0.326662540435791, 0.08507753163576126, 0.9001109004020691, 0.2754156291484833]
2024-11-06 16:18:07.884 | INFO     | __main__:main:52 - 机器人当前位姿: [0.5436189770698547, -0.5081878304481506, 0.5131967663764954, 0.3266618251800537, 0.08507861942052841, 0.9001110196113586, 0.2754157483577728]
2024-11-06 16:18:07.914 | INFO     | __main__:main:52 - 机器人当前位姿: [0.5436193943023682, -0.5081870555877686, 0.5131968855857849, 0.32666176557540894, 0.08507870882749557, 0.9001108407974243, 0.27541643381118774]
2024-11-06 16:18:07.946 | INFO     | __main__:main:52 - 机器人当前位姿: [0.5436192750930786, -0.5081869959831238, 0.513197660446167, 0.3266623914241791, 0.08507757633924484, 0.9001108407974243, 0.27541598677635193]
2024-11-06 16:18:07.977 | INFO     | __main__:main:52 - 机器人当前位姿: [0.54361891746521, -0.5081870555877686, 0.5131967663764954, 0.3266616463661194, 0.08507803082466125, 0.9001109600067139, 0.2754162847995758]
2024-11-06 16:18:08.012 | INFO     | __main__:main:52 - 机器人当前位姿: [0.5436193346977234, -0.5081861615180969, 0.5131978392601013, 0.3266619145870209, 0.0850772112607956, 0.9001108407974243, 0.27541670203208923]
2024-11-06 16:18:08.046 | INFO     | __main__:main:52 - 机器人当前位姿: [0.5436191558837891, -0.5081864595413208, 0.5131992101669312, 0.3266623616218567, 0.08507665991783142, 0.9001112580299377, 0.27541497349739075]
2024-11-06 16:18:08.081 | INFO     | __main__:main:52 - 机器人当前位姿: [0.5436181426048279, -0.5081872344017029, 0.513200044631958, 0.3266628384590149, 0.08507687598466873, 0.900111198425293, 0.27541452646255493]
2024-11-06 16:18:08.155 | INFO     | __main__:main:52 - 机器人当前位姿: [0.5436179637908936, -0.5081875324249268, 0.5131990909576416, 0.326662540435791, 0.08507737517356873, 0.9001111388206482, 0.2754148840904236]
2024-11-06 16:18:08.188 | INFO     | __main__:main:52 - 机器人当前位姿: [0.543618381023407, -0.5081869959831238, 0.51319819688797, 0.32666197419166565, 0.0850774273276329, 0.9001110792160034, 0.27541571855545044]
2024-11-06 16:18:08.219 | INFO     | __main__:main:52 - 机器人当前位姿: [0.5436177253723145, -0.5081871151924133, 0.51319819688797, 0.32666149735450745, 0.08507828414440155, 0.9001110792160034, 0.27541595697402954]
2024-11-06 16:18:08.283 | INFO     | __main__:main:52 - 机器人当前位姿: [0.5436174273490906, -0.5081877112388611, 0.5131983160972595, 0.3266621530056, 0.08507780730724335, 0.900111198425293, 0.27541500329971313]
2024-11-06 16:18:08.324 | INFO     | __main__:main:52 - 机器人当前位姿: [0.5436179041862488, -0.508188009262085, 0.5131982564926147, 0.32666242122650146, 0.08507822453975677, 0.9001111388206482, 0.2754148244857788]
2024-11-06 16:18:08.359 | INFO     | __main__:main:52 - 机器人当前位姿: [0.5436162948608398, -0.5081890821456909, 0.5131977796554565, 0.326661616563797, 0.08507946133613586, 0.9001113772392273, 0.2754145860671997]
2024-11-06 16:18:08.388 | INFO     | __main__:main:52 - 机器人当前位姿: [0.5436177253723145, -0.5081880688667297, 0.5131979584693909, 0.3266617953777313, 0.08507898449897766, 0.900111198425293, 0.2754150331020355]
2024-11-06 16:18:08.425 | INFO     | __main__:main:52 - 机器人当前位姿: [0.5436177253723145, -0.5081872344017029, 0.5131990313529968, 0.32666248083114624, 0.08507849276065826, 0.9001107811927795, 0.2754158079624176]
2024-11-06 16:18:08.451 | INFO     | __main__:main:52 - 机器人当前位姿: [0.5436174273490906, -0.5081875324249268, 0.5131977796554565, 0.3266618251800537, 0.08507891744375229, 0.9001109004020691, 0.27541598677635193]
2024-11-06 16:18:08.480 | INFO     | __main__:main:52 - 机器人当前位姿: [0.543617844581604, -0.5081874132156372, 0.5131978988647461, 0.3266618251800537, 0.08507860451936722, 0.9001110196113586, 0.2754156291484833]
2024-11-06 16:18:08.508 | INFO     | __main__:main:52 - 机器人当前位姿: [0.5436170697212219, -0.508188784122467, 0.5131977796554565, 0.32666245102882385, 0.08507993072271347, 0.9001108407974243, 0.2754150927066803]
2024-11-06 16:18:08.543 | INFO     | __main__:main:52 - 机器人当前位姿: [0.5436172485351562, -0.5081886053085327, 0.5131983757019043, 0.3266626000404358, 0.08507981151342392, 0.9001107811927795, 0.27541518211364746]
2024-11-06 16:18:08.597 | INFO     | __main__:main:52 - 机器人当前位姿: [0.543618381023407, -0.5081873536109924, 0.5131978392601013, 0.3266621530056, 0.08507809042930603, 0.9001108407974243, 0.2754160165786743]
2024-11-06 16:18:08.639 | INFO     | __main__:main:52 - 机器人当前位姿: [0.543618381023407, -0.5081867575645447, 0.5131974816322327, 0.3266613781452179, 0.08507762849330902, 0.9001110792160034, 0.27541640400886536]
2024-11-06 16:18:08.673 | INFO     | __main__:main:52 - 机器人当前位姿: [0.5436187982559204, -0.5081866383552551, 0.5131969451904297, 0.3266613185405731, 0.08507703989744186, 0.9001111388206482, 0.2754164934158325]
2024-11-06 16:18:08.716 | INFO     | __main__:main:52 - 机器人当前位姿: [0.5436174273490906, -0.5081878900527954, 0.5131964087486267, 0.3266609013080597, 0.08507931232452393, 0.9001110792160034, 0.27541643381118774]
2024-11-06 16:18:08.748 | INFO     | __main__:main:52 - 机器人当前位姿: [0.5436179041862488, -0.5081877708435059, 0.5131969451904297, 0.3266613781452179, 0.08507876098155975, 0.9001110196113586, 0.2754162549972534]
2024-11-06 16:18:08.781 | INFO     | __main__:main:52 - 机器人当前位姿: [0.5436177849769592, -0.5081877112388611, 0.5131975412368774, 0.3266615569591522, 0.08507822453975677, 0.9001111388206482, 0.2754157483577728]
2024-11-06 16:18:08.840 | INFO     | __main__:main:52 - 机器人当前位姿: [0.543619692325592, -0.5081853270530701, 0.5131983757019043, 0.3266613483428955, 0.08507543802261353, 0.9001113176345825, 0.2754162847995758]
2024-11-06 16:18:08.883 | INFO     | __main__:main:52 - 机器人当前位姿: [0.5436183214187622, -0.5081868767738342, 0.5131983160972595, 0.3266616761684418, 0.08507702499628067, 0.9001112580299377, 0.2754155397415161]
2024-11-06 16:18:08.913 | INFO     | __main__:main:52 - 机器人当前位姿: [0.5436187386512756, -0.5081859827041626, 0.5131983757019043, 0.326661616563797, 0.08507728576660156, 0.9001109600067139, 0.2754164934158325]
2024-11-06 16:18:08.951 | INFO     | __main__:main:52 - 机器人当前位姿: [0.5436186790466309, -0.5081855058670044, 0.5131978392601013, 0.3266605734825134, 0.0850769653916359, 0.9001113176345825, 0.27541667222976685]
2024-11-06 16:18:08.978 | INFO     | __main__:main:52 - 机器人当前位姿: [0.5436188578605652, -0.5081857442855835, 0.513198971748352, 0.3266616463661194, 0.08507633954286575, 0.900111198425293, 0.2754160761833191]
2024-11-06 16:18:09.000 | INFO     | __main__:main:52 - 机器人当前位姿: [0.5436191558837891, -0.5081859230995178, 0.5131992101669312, 0.3266622722148895, 0.08507617563009262, 0.9001110196113586, 0.27541589736938477]
2024-11-06 16:18:09.045 | INFO     | __main__:main:52 - 机器人当前位姿: [0.5436193943023682, -0.5081856846809387, 0.5131998658180237, 0.32666265964508057, 0.08507563173770905, 0.9001110792160034, 0.2754153907299042]
2024-11-06 16:18:09.080 | INFO     | __main__:main:52 - 机器人当前位姿: [0.5436191558837891, -0.5081851482391357, 0.5131988525390625, 0.32666149735450745, 0.08507581800222397, 0.9001112580299377, 0.27541622519493103]
2024-11-06 16:18:09.116 | INFO     | __main__:main:52 - 机器人当前位姿: [0.54361891746521, -0.5081859230995178, 0.5131993889808655, 0.3266626298427582, 0.08507643640041351, 0.9001108407974243, 0.2754161059856415]
2024-11-06 16:18:09.144 | INFO     | __main__:main:52 - 机器人当前位姿: [0.543619692325592, -0.5081852078437805, 0.5131995677947998, 0.32666274905204773, 0.08507612347602844, 0.90011066198349, 0.27541664242744446]
2024-11-06 16:18:09.168 | INFO     | __main__:main:52 - 机器人当前位姿: [0.5436190366744995, -0.5081859827041626, 0.5131989121437073, 0.32666248083114624, 0.08507658541202545, 0.9001108407974243, 0.2754161059856415]
2024-11-06 16:18:09.200 | INFO     | __main__:main:52 - 机器人当前位姿: [0.5436187386512756, -0.5081866383552551, 0.5131980180740356, 0.3266620934009552, 0.08507740497589111, 0.9001109600067139, 0.2754160165786743]
2024-11-06 16:18:09.242 | INFO     | __main__:main:52 - 机器人当前位姿: [0.5436184406280518, -0.5081859827041626, 0.5131983757019043, 0.32666152715682983, 0.0850772112607956, 0.9001111388206482, 0.27541613578796387]
2024-11-06 16:18:09.267 | INFO     | __main__:main:52 - 机器人当前位姿: [0.5436194539070129, -0.5081855654716492, 0.5131985545158386, 0.3266618847846985, 0.08507677167654037, 0.9001110196113586, 0.2754162549972534]
2024-11-06 16:18:09.302 | INFO     | __main__:main:52 - 机器人当前位姿: [0.5436193346977234, -0.5081856846809387, 0.5131980776786804, 0.32666146755218506, 0.08507655560970306, 0.9001111388206482, 0.27541646361351013]
2024-11-06 16:18:09.333 | INFO     | __main__:main:52 - 机器人当前位姿: [0.543619692325592, -0.5081855058670044, 0.5131978988647461, 0.32666170597076416, 0.08507584780454636, 0.9001110196113586, 0.275416761636734]
2024-11-06 16:18:09.369 | INFO     | __main__:main:52 - 机器人当前位姿: [0.54361891746521, -0.5081860423088074, 0.5131977200508118, 0.326661616563797, 0.08507650345563889, 0.9001110792160034, 0.27541646361351013]
2024-11-06 16:18:09.402 | INFO     | __main__:main:52 - 机器人当前位姿: [0.5436185002326965, -0.5081859230995178, 0.5131968855857849, 0.32666078209877014, 0.0850767195224762, 0.900111198425293, 0.27541691064834595]
2024-11-06 16:18:09.433 | INFO     | __main__:main:52 - 机器人当前位姿: [0.5436182022094727, -0.5081867575645447, 0.5131971836090088, 0.32666096091270447, 0.08507757633924484, 0.9001113772392273, 0.27541589736938477]
2024-11-06 16:18:09.477 | INFO     | __main__:main:52 - 机器人当前位姿: [0.5436188578605652, -0.5081867575645447, 0.513197660446167, 0.3266613781452179, 0.08507704734802246, 0.9001113176345825, 0.2754158675670624]
2024-11-06 16:18:09.499 | INFO     | __main__:main:86 - 用户退出程序
2024-11-06 16:18:09.505 | INFO     | __main__:main:94 - 程序已终止
2024-11-06 16:18:09.506 | INFO     | src.robot.flexiv:__del__:55 - 正在关闭机器人连接...
